#! /c/Source/iverilog-install/bin/vvp
:ivl_version "12.0 (devel)" "(s20150603-1539-g2693dd32b)";
:ivl_delay_selection "TYPICAL";
:vpi_time_precision + 0;
:vpi_module "D:\iverilog\lib\ivl\system.vpi";
:vpi_module "D:\iverilog\lib\ivl\vhdl_sys.vpi";
:vpi_module "D:\iverilog\lib\ivl\vhdl_textio.vpi";
:vpi_module "D:\iverilog\lib\ivl\v2005_math.vpi";
:vpi_module "D:\iverilog\lib\ivl\va_math.vpi";
:vpi_module "D:\iverilog\lib\ivl\v2009.vpi";
S_0000024bf7af7260 .scope package, "$unit" "$unit" 2 1;
 .timescale 0 0;
S_0000024bf7af73f0 .scope module, "tb_seq_detect_mealy" "tb_seq_detect_mealy" 3 1;
 .timescale 0 0;
v0000024bf7ac2a60_0 .var "clk", 0 0;
v0000024bf7ac2b00_0 .var "din", 0 0;
v0000024bf7ac2ba0_0 .var "rst", 0 0;
v0000024bf7af40b0_0 .net "y", 0 0, v0000024bf7ac29c0_0;  1 drivers
S_0000024bf7ac2830 .scope module, "dut" "seq_detect_mealy" 3 6, 4 1 0, S_0000024bf7af73f0;
 .timescale 0 0;
    .port_info 0 /INPUT 1 "clk";
    .port_info 1 /INPUT 1 "rst";
    .port_info 2 /INPUT 1 "din";
    .port_info 3 /OUTPUT 1 "y";
P_0000024bf7af7580 .param/l "STATE_1" 0 4 10, C4<01>;
P_0000024bf7af75b8 .param/l "STATE_11" 0 4 11, C4<10>;
P_0000024bf7af75f0 .param/l "STATE_110" 0 4 12, C4<11>;
P_0000024bf7af7628 .param/l "STATE_IDLE" 0 4 9, C4<00>;
v0000024bf7ac3060_0 .net "clk", 0 0, v0000024bf7ac2a60_0;  1 drivers
v0000024bf7a3bc90_0 .net "din", 0 0, v0000024bf7ac2b00_0;  1 drivers
v0000024bf7a3bd30_0 .net "rst", 0 0, v0000024bf7ac2ba0_0;  1 drivers
v0000024bf7a3bdd0_0 .var "state_next", 1 0;
v0000024bf7a3be70_0 .var "state_present", 1 0;
v0000024bf7ac29c0_0 .var "y", 0 0;
E_0000024bf7a3aa90 .event posedge, v0000024bf7ac3060_0;
E_0000024bf7a3ad50 .event anyedge, v0000024bf7a3be70_0, v0000024bf7a3bc90_0;
    .scope S_0000024bf7ac2830;
T_0 ;
    %wait E_0000024bf7a3ad50;
    %pushi/vec4 0, 0, 1;
    %store/vec4 v0000024bf7ac29c0_0, 0, 1;
    %load/vec4 v0000024bf7a3be70_0;
    %dup/vec4;
    %pushi/vec4 0, 0, 2;
    %cmp/u;
    %jmp/1 T_0.0, 6;
    %dup/vec4;
    %pushi/vec4 1, 0, 2;
    %cmp/u;
    %jmp/1 T_0.1, 6;
    %dup/vec4;
    %pushi/vec4 2, 0, 2;
    %cmp/u;
    %jmp/1 T_0.2, 6;
    %dup/vec4;
    %pushi/vec4 3, 0, 2;
    %cmp/u;
    %jmp/1 T_0.3, 6;
    %pushi/vec4 0, 0, 2;
    %store/vec4 v0000024bf7a3bdd0_0, 0, 2;
    %jmp T_0.5;
T_0.0 ;
    %load/vec4 v0000024bf7a3bc90_0;
    %flag_set/vec4 8;
    %jmp/0xz  T_0.6, 8;
    %pushi/vec4 1, 0, 2;
    %store/vec4 v0000024bf7a3bdd0_0, 0, 2;
    %jmp T_0.7;
T_0.6 ;
    %pushi/vec4 0, 0, 2;
    %store/vec4 v0000024bf7a3bdd0_0, 0, 2;
T_0.7 ;
    %jmp T_0.5;
T_0.1 ;
    %load/vec4 v0000024bf7a3bc90_0;
    %flag_set/vec4 8;
    %jmp/0xz  T_0.8, 8;
    %pushi/vec4 2, 0, 2;
    %store/vec4 v0000024bf7a3bdd0_0, 0, 2;
    %jmp T_0.9;
T_0.8 ;
    %pushi/vec4 0, 0, 2;
    %store/vec4 v0000024bf7a3bdd0_0, 0, 2;
T_0.9 ;
    %jmp T_0.5;
T_0.2 ;
    %load/vec4 v0000024bf7a3bc90_0;
    %flag_set/vec4 8;
    %jmp/0xz  T_0.10, 8;
    %pushi/vec4 2, 0, 2;
    %store/vec4 v0000024bf7a3bdd0_0, 0, 2;
    %jmp T_0.11;
T_0.10 ;
    %pushi/vec4 3, 0, 2;
    %store/vec4 v0000024bf7a3bdd0_0, 0, 2;
T_0.11 ;
    %jmp T_0.5;
T_0.3 ;
    %load/vec4 v0000024bf7a3bc90_0;
    %flag_set/vec4 8;
    %jmp/0xz  T_0.12, 8;
    %pushi/vec4 1, 0, 1;
    %store/vec4 v0000024bf7ac29c0_0, 0, 1;
    %pushi/vec4 1, 0, 2;
    %store/vec4 v0000024bf7a3bdd0_0, 0, 2;
    %jmp T_0.13;
T_0.12 ;
    %pushi/vec4 0, 0, 2;
    %store/vec4 v0000024bf7a3bdd0_0, 0, 2;
T_0.13 ;
    %jmp T_0.5;
T_0.5 ;
    %pop/vec4 1;
    %jmp T_0;
    .thread T_0, $push;
    .scope S_0000024bf7ac2830;
T_1 ;
    %wait E_0000024bf7a3aa90;
    %load/vec4 v0000024bf7a3bd30_0;
    %flag_set/vec4 8;
    %jmp/0xz  T_1.0, 8;
    %pushi/vec4 0, 0, 2;
    %assign/vec4 v0000024bf7a3be70_0, 0;
    %jmp T_1.1;
T_1.0 ;
    %load/vec4 v0000024bf7a3bdd0_0;
    %assign/vec4 v0000024bf7a3be70_0, 0;
T_1.1 ;
    %jmp T_1;
    .thread T_1;
    .scope S_0000024bf7af73f0;
T_2 ;
    %delay 5, 0;
    %load/vec4 v0000024bf7ac2a60_0;
    %inv;
    %store/vec4 v0000024bf7ac2a60_0, 0, 1;
    %jmp T_2;
    .thread T_2;
    .scope S_0000024bf7af73f0;
T_3 ;
    %vpi_call/w 3 12 "$dumpfile", "dump.vcd" {0 0 0};
    %vpi_call/w 3 13 "$dumpvars", 32'sb00000000000000000000000000000000, S_0000024bf7af73f0 {0 0 0};
    %pushi/vec4 0, 0, 1;
    %store/vec4 v0000024bf7ac2a60_0, 0, 1;
    %pushi/vec4 1, 0, 1;
    %store/vec4 v0000024bf7ac2ba0_0, 0, 1;
    %pushi/vec4 0, 0, 1;
    %store/vec4 v0000024bf7ac2b00_0, 0, 1;
    %delay 10, 0;
    %pushi/vec4 0, 0, 1;
    %store/vec4 v0000024bf7ac2ba0_0, 0, 1;
    %pushi/vec4 1, 0, 1;
    %store/vec4 v0000024bf7ac2b00_0, 0, 1;
    %delay 10, 0;
    %pushi/vec4 1, 0, 1;
    %store/vec4 v0000024bf7ac2b00_0, 0, 1;
    %delay 10, 0;
    %pushi/vec4 0, 0, 1;
    %store/vec4 v0000024bf7ac2b00_0, 0, 1;
    %delay 10, 0;
    %pushi/vec4 1, 0, 1;
    %store/vec4 v0000024bf7ac2b00_0, 0, 1;
    %delay 10, 0;
    %pushi/vec4 1, 0, 1;
    %store/vec4 v0000024bf7ac2b00_0, 0, 1;
    %delay 10, 0;
    %pushi/vec4 0, 0, 1;
    %store/vec4 v0000024bf7ac2b00_0, 0, 1;
    %delay 10, 0;
    %pushi/vec4 1, 0, 1;
    %store/vec4 v0000024bf7ac2b00_0, 0, 1;
    %delay 10, 0;
    %pushi/vec4 1, 0, 1;
    %store/vec4 v0000024bf7ac2b00_0, 0, 1;
    %delay 10, 0;
    %pushi/vec4 1, 0, 1;
    %store/vec4 v0000024bf7ac2b00_0, 0, 1;
    %delay 10, 0;
    %pushi/vec4 0, 0, 1;
    %store/vec4 v0000024bf7ac2b00_0, 0, 1;
    %delay 10, 0;
    %pushi/vec4 1, 0, 1;
    %store/vec4 v0000024bf7ac2b00_0, 0, 1;
    %delay 10, 0;
    %delay 20, 0;
    %vpi_call/w 3 35 "$finish" {0 0 0};
    %end;
    .thread T_3;
# The file index is used to find the file name in the following table.
:file_names 5;
    "N/A";
    "<interactive>";
    "-";
    "tb_seq_detect_mealy.v";
    "seq_detect_mealy.v";
